0 info it worked if it ends with ok
1 verbose cli [ '/usr/bin/nodejs', '/usr/bin/npm', 'publish' ]
2 info using npm@3.10.10
3 info using node@v6.11.0
4 verbose publish [ '.' ]
5 silly cache add args [ '.', null ]
6 verbose cache add spec .
7 silly cache add parsed spec Result {
7 silly cache add   raw: '.',
7 silly cache add   scope: null,
7 silly cache add   escapedName: null,
7 silly cache add   name: null,
7 silly cache add   rawSpec: '.',
7 silly cache add   spec: '/home/sergio/c9sergio/npm-to-publish/schema-alchemia',
7 silly cache add   type: 'directory' }
8 verbose addLocalDirectory /home/sergio/.npm/schema-alchemia/1.0.0/package.tgz not in flight; packing
9 verbose correctMkdir /home/sergio/.npm correctMkdir not in flight; initializing
10 info lifecycle schema-alchemia@1.0.0~prepublish: schema-alchemia@1.0.0
11 silly lifecycle schema-alchemia@1.0.0~prepublish: no script for prepublish, continuing
12 verbose tar pack [ '/home/sergio/.npm/schema-alchemia/1.0.0/package.tgz',
12 verbose tar pack   '/home/sergio/c9sergio/npm-to-publish/schema-alchemia' ]
13 verbose tarball /home/sergio/.npm/schema-alchemia/1.0.0/package.tgz
14 verbose folder /home/sergio/c9sergio/npm-to-publish/schema-alchemia
15 verbose addLocalTarball adding from inside cache /home/sergio/.npm/schema-alchemia/1.0.0/package.tgz
16 verbose correctMkdir /home/sergio/.npm correctMkdir not in flight; initializing
17 silly cache afterAdd schema-alchemia@1.0.0
18 verbose afterAdd /home/sergio/.npm/schema-alchemia/1.0.0/package/package.json not in flight; writing
19 verbose correctMkdir /home/sergio/.npm correctMkdir not in flight; initializing
20 verbose afterAdd /home/sergio/.npm/schema-alchemia/1.0.0/package/package.json written
21 silly publish { name: 'schema-alchemia',
21 silly publish   version: '1.0.0',
21 silly publish   description: 'This is a NPM module to translate datasets based on schema models, the module is also able to run scripts defined on the model to make data transformation and map reduce.',
21 silly publish   main: 'index.js',
21 silly publish   scripts: { test: 'echo "Error: no test specified" && exit 1' },
21 silly publish   repository:
21 silly publish    { type: 'git',
21 silly publish      url: 'git+https://github.com/hadock/schema-alchemia.git' },
21 silly publish   keywords:
21 silly publish    [ 'schema',
21 silly publish      'database',
21 silly publish      'map-reduce',
21 silly publish      'dataset',
21 silly publish      'translator',
21 silly publish      'migration' ],
21 silly publish   author: { name: 'Sergio Barraza' },
21 silly publish   license: 'ISC',
21 silly publish   bugs: { url: 'https://github.com/hadock/schema-alchemia/issues' },
21 silly publish   homepage: 'https://github.com/hadock/schema-alchemia#readme',
21 silly publish   readme: '# Schema-Alchemia\nThis is a NPM module to translate datasets based on schema models, the module is also able to run scripts defined on the model to make data transformation and map reduce.\n\n###Features\n\n- Data transformation useful to migrate between data bases\n- Map-reduce capabilities\n- Data base agnostic\n\n# README.md\n\n**Examples of usage**\n#####Install\n<pre>npm install --save schema_achemia</pre>\n\n#####Basic usage (Single document transformation)\n<pre>\n\'use strict\'\nvar alchemia = require(\'schema_alchemia\');\n\nvar schema1 = {\n    "user_id": "user.id",\n    "user_name": "user.name",\n    "user_phone": "user.phone",\n    "user_address": "user.address"\n}\n\nvar schema2 = {\n    "user.id": "user_id",\n    "user.name": "user_name",\n    "user.phone": "user_phone"\n}\n\n//This is the data in schema1 structure\nvar data = {\n    "user_id": 10,\n    "user_name": "John Doe",\n    "user_phone": "+1415123456"\n}\n\nvar schema_transformation = new alchemia({\n    schema_name_1: schema1, \n    schema_name_2: schema2\n});\n\nschema_transformation.set_source_schema(\'schema_name_1\', data);\nschema_transformation.set_target_schema(\'schema_name_2\');\n\nvar result = schema_transformation.transform();\n</pre>\n\n######The result will be something like:\n\n```\n\t{\n\t\tuser: { \n\t\t\tid: 10, \n\t\t\tname: \'John Doe\', \n\t\t\tphone: \'+1415123456\' \n\t\t}\n\t}```\n\n',
21 silly publish   readmeFilename: 'README.md',
21 silly publish   gitHead: 'f1e4e0bb5c71bd140f6134b26d91e96974a6c873',
21 silly publish   _id: 'schema-alchemia@1.0.0',
21 silly publish   _shasum: 'a21efe20a007fdfabf378830e20a2d171ea70e26',
21 silly publish   _from: '.' }
22 verbose getPublishConfig undefined
23 silly mapToRegistry name schema-alchemia
24 silly mapToRegistry using default registry
25 silly mapToRegistry registry https://registry.npmjs.org/
26 silly mapToRegistry data Result {
26 silly mapToRegistry   raw: 'schema-alchemia',
26 silly mapToRegistry   scope: null,
26 silly mapToRegistry   escapedName: 'schema-alchemia',
26 silly mapToRegistry   name: 'schema-alchemia',
26 silly mapToRegistry   rawSpec: '',
26 silly mapToRegistry   spec: 'latest',
26 silly mapToRegistry   type: 'tag' }
27 silly mapToRegistry uri https://registry.npmjs.org/schema-alchemia
28 verbose publish registryBase https://registry.npmjs.org/
29 silly publish uploading /home/sergio/.npm/schema-alchemia/1.0.0/package.tgz
30 verbose request uri https://registry.npmjs.org/schema-alchemia
31 verbose request sending authorization for write operation
32 info attempt registry request try #1 at 2:55:53 AM
33 verbose request using bearer token for auth
34 verbose request id 44573a2d0b303977
35 http request PUT https://registry.npmjs.org/schema-alchemia
36 http 403 https://registry.npmjs.org/schema-alchemia
37 verbose headers { 'content-type': 'application/json',
37 verbose headers   'cache-control': 'max-age=300',
37 verbose headers   'content-length': '91',
37 verbose headers   'accept-ranges': 'bytes',
37 verbose headers   date: 'Mon, 30 Oct 2017 02:52:55 GMT',
37 verbose headers   via: '1.1 varnish',
37 verbose headers   connection: 'keep-alive',
37 verbose headers   'x-served-by': 'cache-sea1049-SEA',
37 verbose headers   'x-cache': 'MISS',
37 verbose headers   'x-cache-hits': '0',
37 verbose headers   'x-timer': 'S1509331975.894935,VS0,VE123',
37 verbose headers   vary: 'Accept-Encoding, Accept' }
38 verbose request invalidating /home/sergio/.npm/registry.npmjs.org/schema-alchemia on PUT
39 error publish Failed PUT 403
40 verbose stack Error: You cannot publish over the previously published version 1.0.0. : schema-alchemia
40 verbose stack     at makeError (/usr/lib/node_modules/npm/node_modules/npm-registry-client/lib/request.js:302:12)
40 verbose stack     at CachingRegistryClient.<anonymous> (/usr/lib/node_modules/npm/node_modules/npm-registry-client/lib/request.js:290:14)
40 verbose stack     at Request._callback (/usr/lib/node_modules/npm/node_modules/npm-registry-client/lib/request.js:210:14)
40 verbose stack     at Request.self.callback (/usr/lib/node_modules/npm/node_modules/request/request.js:187:22)
40 verbose stack     at emitTwo (events.js:106:13)
40 verbose stack     at Request.emit (events.js:191:7)
40 verbose stack     at Request.<anonymous> (/usr/lib/node_modules/npm/node_modules/request/request.js:1048:10)
40 verbose stack     at emitOne (events.js:96:13)
40 verbose stack     at Request.emit (events.js:188:7)
40 verbose stack     at IncomingMessage.<anonymous> (/usr/lib/node_modules/npm/node_modules/request/request.js:969:12)
41 verbose statusCode 403
42 verbose pkgid schema-alchemia
43 verbose cwd /home/sergio/c9sergio/npm-to-publish/schema-alchemia
44 error Linux 3.16.0-4-amd64
45 error argv "/usr/bin/nodejs" "/usr/bin/npm" "publish"
46 error node v6.11.0
47 error npm  v3.10.10
48 error code E403
49 error You cannot publish over the previously published version 1.0.0. : schema-alchemia
50 error If you need help, you may report this error at:
50 error     <https://github.com/npm/npm/issues>
51 verbose exit [ 1, true ]
